--- Request at 2026-06-30 12:59:41 ---
SESSION: Array
(
    [logged_in] => 1
    [user_id] => 77
    [role] => admin
    [username] => gdedutech
)

GET: Array
(
)

POST: Array
(
)

HTML Rendered successfully. Length: 32141
--- Request at 2026-06-30 12:59:42 ---
SESSION: Array
(
    [logged_in] => 1
    [user_id] => 77
    [role] => admin
    [username] => gdedutech
)

GET: Array
(
)

POST: Array
(
)

HTML Rendered successfully. Length: 32141
--- Request at 2026-06-30 12:59:43 ---
SESSION: Array
(
    [logged_in] => 1
    [user_id] => 77
    [role] => admin
    [username] => gdedutech
)

GET: Array
(
)

POST: Array
(
)

HTML Rendered successfully. Length: 32141
--- Request at 2026-06-30 12:59:43 ---
SESSION: Array
(
    [logged_in] => 1
    [user_id] => 77
    [role] => admin
    [username] => gdedutech
)

GET: Array
(
)

POST: Array
(
)

HTML Rendered successfully. Length: 32141
--- Request at 2026-06-30 12:59:43 ---
SESSION: Array
(
    [logged_in] => 1
    [user_id] => 77
    [role] => admin
    [username] => gdedutech
)

GET: Array
(
)

POST: Array
(
)

HTML Rendered successfully. Length: 32141
--- Request at 2026-06-30 12:59:44 ---
SESSION: Array
(
    [logged_in] => 1
    [user_id] => 77
    [role] => admin
    [username] => gdedutech
)

GET: Array
(
)

POST: Array
(
)

HTML Rendered successfully. Length: 32141
--- Request at 2026-06-30 12:59:44 ---
SESSION: Array
(
    [logged_in] => 1
    [user_id] => 77
    [role] => admin
    [username] => gdedutech
)

GET: Array
(
)

POST: Array
(
)

HTML Rendered successfully. Length: 32141
--- Request at 2026-06-30 12:59:44 ---
SESSION: Array
(
    [logged_in] => 1
    [user_id] => 77
    [role] => admin
    [username] => gdedutech
)

GET: Array
(
)

POST: Array
(
)

HTML Rendered successfully. Length: 32141
--- Request at 2026-06-30 12:59:45 ---
SESSION: Array
(
    [logged_in] => 1
    [user_id] => 77
    [role] => admin
    [username] => gdedutech
)

GET: Array
(
)

POST: Array
(
)

HTML Rendered successfully. Length: 32141
--- Request at 2026-06-30 12:59:45 ---
SESSION: Array
(
    [logged_in] => 1
    [user_id] => 77
    [role] => admin
    [username] => gdedutech
)

GET: Array
(
)

POST: Array
(
)

HTML Rendered successfully. Length: 32141
--- Request at 2026-06-30 12:59:46 ---
SESSION: Array
(
    [logged_in] => 1
    [user_id] => 77
    [role] => admin
    [username] => gdedutech
)

GET: Array
(
)

POST: Array
(
)

HTML Rendered successfully. Length: 32141
--- Request at 2026-06-30 12:59:46 ---
SESSION: Array
(
    [logged_in] => 1
    [user_id] => 77
    [role] => admin
    [username] => gdedutech
)

GET: Array
(
)

POST: Array
(
)

HTML Rendered successfully. Length: 32141
--- Request at 2026-06-30 12:59:47 ---
SESSION: Array
(
    [logged_in] => 1
    [user_id] => 77
    [role] => admin
    [username] => gdedutech
)

GET: Array
(
)

POST: Array
(
)

HTML Rendered successfully. Length: 32141
--- Request at 2026-06-30 12:59:47 ---
SESSION: Array
(
    [logged_in] => 1
    [user_id] => 77
    [role] => admin
    [username] => gdedutech
)

GET: Array
(
)

POST: Array
(
)

HTML Rendered successfully. Length: 32141
--- Request at 2026-06-30 12:59:47 ---
SESSION: Array
(
    [logged_in] => 1
    [user_id] => 77
    [role] => admin
    [username] => gdedutech
)

GET: Array
(
)

POST: Array
(
)

HTML Rendered successfully. Length: 32141
--- Request at 2026-06-30 12:59:48 ---
SESSION: Array
(
    [logged_in] => 1
    [user_id] => 77
    [role] => admin
    [username] => gdedutech
)

GET: Array
(
)

POST: Array
(
)

HTML Rendered successfully. Length: 32141
--- Request at 2026-06-30 12:59:48 ---
SESSION: Array
(
    [logged_in] => 1
    [user_id] => 77
    [role] => admin
    [username] => gdedutech
)

GET: Array
(
)

POST: Array
(
)

HTML Rendered successfully. Length: 32141
--- Request at 2026-06-30 12:59:49 ---
SESSION: Array
(
    [logged_in] => 1
    [user_id] => 77
    [role] => admin
    [username] => gdedutech
)

GET: Array
(
)

POST: Array
(
)

HTML Rendered successfully. Length: 32141
--- Request at 2026-06-30 12:59:49 ---
SESSION: Array
(
    [logged_in] => 1
    [user_id] => 77
    [role] => admin
    [username] => gdedutech
)

GET: Array
(
)

POST: Array
(
)

HTML Rendered successfully. Length: 32141
--- Request at 2026-06-30 12:59:57 ---
SESSION: Array
(
    [logged_in] => 1
    [user_id] => 77
    [role] => admin
    [username] => gdedutech
)

GET: Array
(
)

POST: Array
(
)

HTML Rendered successfully. Length: 32141
--- Request at 2026-06-30 13:00:00 ---
SESSION: Array
(
    [logged_in] => 1
    [user_id] => 77
    [role] => admin
    [username] => gdedutech
)

GET: Array
(
)

POST: Array
(
)

HTML Rendered successfully. Length: 32141
--- Request at 2026-06-30 13:00:01 ---
SESSION: Array
(
    [logged_in] => 1
    [user_id] => 77
    [role] => admin
    [username] => gdedutech
)

GET: Array
(
)

POST: Array
(
)

HTML Rendered successfully. Length: 32141
--- Request at 2026-06-30 13:01:44 ---
SESSION: Array
(
    [logged_in] => 1
    [user_id] => 77
    [role] => admin
    [username] => gdedutech
)

GET: Array
(
)

POST: Array
(
)

HTML Rendered successfully. Length: 32141
--- Request at 2026-06-30 13:02:45 ---
SESSION: Array
(
    [logged_in] => 1
    [user_id] => 77
    [role] => admin
    [username] => gdedutech
)

GET: Array
(
)

POST: Array
(
)

HTML Rendered successfully. Length: 26822
--- Request at 2026-06-30 13:02:55 ---
SESSION: Array
(
    [logged_in] => 1
    [user_id] => 77
    [role] => admin
    [username] => gdedutech
)

GET: Array
(
)

POST: Array
(
)

HTML Rendered successfully. Length: 26822
--- Request at 2026-06-30 13:03:00 ---
SESSION: Array
(
    [logged_in] => 1
    [user_id] => 77
    [role] => admin
    [username] => gdedutech
)

GET: Array
(
)

POST: Array
(
)

HTML Rendered successfully. Length: 26822
--- Request at 2026-06-30 13:03:13 ---
SESSION: Array
(
    [logged_in] => 1
    [user_id] => 77
    [role] => admin
    [username] => gdedutech
)

GET: Array
(
)

POST: Array
(
)

HTML Rendered successfully. Length: 26822
--- Request at 2026-06-30 13:06:11 ---
SESSION: Array
(
    [logged_in] => 1
    [user_id] => 77
    [role] => admin
    [username] => gdedutech
)

GET: Array
(
)

POST: Array
(
)

HTML Rendered successfully. Length: 26822
